<?xml version="1.0" encoding="UTF-8"?>
<!-- Generated by org.testng.reporters.JUnitReportReporter -->
<testsuite hostname="Tejas-PC" failures="0" tests="5" name="testCases.TC_003_LoginDDT" time="30.881" errors="0" timestamp="2025-07-24T19:29:10 IST" skipped="0">
  <testcase classname="testCases.TC_003_LoginDDT" name="verify_loginDDT" time="11.442"/>
  <testcase classname="testCases.TC_003_LoginDDT" name="verify_loginDDT" time="2.292"/>
  <testcase classname="testCases.TC_003_LoginDDT" name="verify_loginDDT" time="2.891"/>
  <testcase classname="testCases.TC_003_LoginDDT" name="verify_loginDDT" time="11.722"/>
  <testcase classname="testCases.TC_003_LoginDDT" name="verify_loginDDT" time="2.534"/>
</testsuite> <!-- testCases.TC_003_LoginDDT -->
