<?xml version="1.0" encoding="UTF-8"?>
<!-- Generated by org.testng.reporters.JUnitReportReporter -->
<testsuite hostname="Tejas-PC" failures="0" tests="2" name="testCases.TC_002_LoginTest" time="9.050" errors="0" timestamp="2025-07-29T22:25:14 IST" skipped="0">
  <testcase classname="testCases.TC_002_LoginTest" name="verify_login" time="2.255"/>
  <testcase classname="testCases.TC_002_LoginTest" name="verify_login" time="6.795"/>
</testsuite> <!-- testCases.TC_002_LoginTest -->
