<?xml version="1.0" encoding="UTF-8"?>
<!-- Generated by org.testng.reporters.JUnitReportReporter -->
<testsuite hostname="Tejas-PC" failures="0" tests="2" name="testCases.TC_001_AccountRegistrationTest" time="10.796" errors="0" timestamp="2025-07-29T22:25:14 IST" skipped="0">
  <testcase classname="testCases.TC_001_AccountRegistrationTest" name="verify_account_registration" time="7.679"/>
  <testcase classname="testCases.TC_001_AccountRegistrationTest" name="verify_account_registration" time="3.117"/>
</testsuite> <!-- testCases.TC_001_AccountRegistrationTest -->
