<?xml version="1.0" encoding="UTF-8"?>
<!-- Generated by org.testng.reporters.JUnitReportReporter -->
<testsuite hostname="Tejas-PC" failures="0" tests="1" name="testCases.TC_001_AccountRegistrationTest" time="2.531" errors="0" timestamp="2025-07-31T19:45:29 IST" skipped="0">
  <testcase classname="testCases.TC_001_AccountRegistrationTest" name="verify_account_registration" time="2.531"/>
</testsuite> <!-- testCases.TC_001_AccountRegistrationTest -->
