<?xml version="1.0" encoding="UTF-8"?>
<!-- Generated by org.testng.reporters.JUnitReportReporter -->
<testsuite hostname="Tejas-PC" failures="0" tests="1" name="testCases.TC_002_LoginTest" time="2.002" errors="0" timestamp="2025-07-31T19:45:29 IST" skipped="0">
  <testcase classname="testCases.TC_002_LoginTest" name="verify_login" time="2.002"/>
</testsuite> <!-- testCases.TC_002_LoginTest -->
